<?xml version="1.0" encoding="UTF-8"?>
<testsuite name="com.hackerrank.stocktrade.requests.TradesControllerTest" tests="1" failures="1" errors="0" skipped="0" time="10.029">
  <testcase classname="com.hackerrank.stocktrade.requests.TradesControllerTest" name="com.hackerrank.stocktrade.requests.TradesControllerTest.createTrade" time="10.029">
    <failure>java.lang.AssertionError: Status expected:&lt;201&gt; but was:&lt;400&gt;&#xD;
	at org.springframework.test.util.AssertionErrors.fail(AssertionErrors.java:55)&#xD;
	at org.springframework.test.util.AssertionErrors.assertEquals(AssertionErrors.java:82)&#xD;
	at org.springframework.test.web.servlet.result.StatusResultMatchers.lambda$matcher$9(StatusResultMatchers.java:619)&#xD;
	at org.springframework.test.web.servlet.MockMvc$1.andExpect(MockMvc.java:195)&#xD;
	at com.hackerrank.stocktrade.requests.TradesControllerTest.createTrade(TradesControllerTest.java:87)&#xD;
	at sun.reflect.NativeMethodAccessorImpl.invoke0(Native Method)&#xD;
	at sun.reflect.NativeMethodAccessorImpl.invoke(NativeMethodAccessorImpl.java:62)&#xD;
	at sun.reflect.DelegatingMethodAccessorImpl.invoke(DelegatingMethodAccessorImpl.java:43)&#xD;
	at java.lang.reflect.Method.invoke(Method.java:498)&#xD;
	at org.junit.runners.model.FrameworkMethod$1.runReflectiveCall(FrameworkMethod.java:50)&#xD;
	at org.junit.internal.runners.model.ReflectiveCallable.run(ReflectiveCallable.java:12)&#xD;
	at org.junit.runners.model.FrameworkMethod.invokeExplosively(FrameworkMethod.java:47)&#xD;
	at org.junit.internal.runners.statements.InvokeMethod.evaluate(InvokeMethod.java:17)&#xD;
	at org.springframework.test.context.junit4.statements.RunBeforeTestMethodCallbacks.evaluate(RunBeforeTestMethodCallbacks.java:75)&#xD;
	at org.springframework.test.context.junit4.statements.RunAfterTestMethodCallbacks.evaluate(RunAfterTestMethodCallbacks.java:86)&#xD;
	at org.springframework.test.context.junit4.statements.RunPrepareTestInstanceCallbacks.evaluate(RunPrepareTestInstanceCallbacks.java:64)&#xD;
	at org.springframework.test.context.junit4.statements.SpringRepeat.evaluate(SpringRepeat.java:84)&#xD;
	at org.springframework.test.context.junit4.statements.SpringFailOnTimeout.evaluate(SpringFailOnTimeout.java:87)&#xD;
	at org.springframework.test.context.junit4.statements.ProfileValueChecker.evaluate(ProfileValueChecker.java:103)&#xD;
	at org.junit.rules.TestWatcher$1.evaluate(TestWatcher.java:55)&#xD;
	at org.junit.rules.RunRules.evaluate(RunRules.java:20)&#xD;
	at org.junit.runners.ParentRunner.runLeaf(ParentRunner.java:325)&#xD;
	at org.junit.runners.BlockJUnit4ClassRunner.runChild(BlockJUnit4ClassRunner.java:78)&#xD;
	at org.junit.runners.BlockJUnit4ClassRunner.runChild(BlockJUnit4ClassRunner.java:57)&#xD;
	at org.junit.runners.ParentRunner$3.run(ParentRunner.java:290)&#xD;
	at org.junit.runners.ParentRunner$1.schedule(ParentRunner.java:71)&#xD;
	at org.junit.runners.ParentRunner.runChildren(ParentRunner.java:288)&#xD;
	at org.junit.runners.ParentRunner.access$000(ParentRunner.java:58)&#xD;
	at org.junit.runners.ParentRunner$2.evaluate(ParentRunner.java:268)&#xD;
	at org.junit.internal.runners.statements.RunBefores.evaluate(RunBefores.java:26)&#xD;
	at org.junit.internal.runners.statements.RunAfters.evaluate(RunAfters.java:27)&#xD;
	at org.springframework.test.context.junit4.statements.RunBeforeTestClassCallbacks.evaluate(RunBeforeTestClassCallbacks.java:61)&#xD;
	at org.springframework.test.context.junit4.statements.RunAfterTestClassCallbacks.evaluate(RunAfterTestClassCallbacks.java:70)&#xD;
	at org.springframework.test.context.junit4.statements.ProfileValueChecker.evaluate(ProfileValueChecker.java:103)&#xD;
	at org.springframework.test.context.junit4.rules.SpringClassRule$TestContextManagerCacheEvictor.evaluate(SpringClassRule.java:190)&#xD;
	at org.junit.rules.RunRules.evaluate(RunRules.java:20)&#xD;
	at org.junit.runners.ParentRunner.run(ParentRunner.java:363)&#xD;
	at org.eclipse.jdt.internal.junit4.runner.JUnit4TestReference.run(JUnit4TestReference.java:89)&#xD;
	at org.eclipse.jdt.internal.junit.runner.TestExecution.run(TestExecution.java:41)&#xD;
	at org.eclipse.jdt.internal.junit.runner.RemoteTestRunner.runTests(RemoteTestRunner.java:541)&#xD;
	at org.eclipse.jdt.internal.junit.runner.RemoteTestRunner.runTests(RemoteTestRunner.java:763)&#xD;
	at org.eclipse.jdt.internal.junit.runner.RemoteTestRunner.run(RemoteTestRunner.java:463)&#xD;
	at org.eclipse.jdt.internal.junit.runner.RemoteTestRunner.main(RemoteTestRunner.java:209)</failure>
  </testcase>
</testsuite>

